This file contains any messages produced by compilers while
running configure, to aid debugging if configure makes a mistake.

It was created by configure, which was
generated by GNU Autoconf 2.69.  Invocation command line was

  $ ./configure --host=powerpc-eabi

## --------- ##
## Platform. ##
## --------- ##

hostname = not6-VPCSA2C5E
uname -m = x86_64
uname -r = 4.4.0-21-generic
uname -s = Linux
uname -v = #37-Ubuntu SMP Mon Apr 18 18:33:37 UTC 2016

/usr/bin/uname -p = unknown
/bin/uname -X     = unknown

/bin/arch              = unknown
/usr/bin/arch -k       = unknown
/usr/convex/getsysinfo = unknown
/usr/bin/hostinfo      = unknown
/bin/machine           = unknown
/usr/bin/oslevel       = unknown
/bin/universe          = unknown

PATH: /usr/local/sbin
PATH: /usr/local/bin
PATH: /usr/sbin
PATH: /usr/bin
PATH: /sbin
PATH: /bin
PATH: /usr/games
PATH: /usr/local/games
PATH: /snap/bin
PATH: /home/not6/wiiU/DEVKIT/DIMOK/devkitPPC/bin


## ----------- ##
## Core tests. ##
## ----------- ##

configure:1988: checking build system type
configure:2002: result: x86_64-unknown-linux-gnu
configure:2022: checking host system type
configure:2035: result: powerpc-unknown-eabi
configure:2127: checking for powerpc-eabi-gcc
configure:2143: found /home/not6/wiiU/DEVKIT/DIMOK/devkitPPC/bin/powerpc-eabi-gcc
configure:2154: result: powerpc-eabi-gcc
configure:2423: checking for C compiler version
configure:2432: powerpc-eabi-gcc --version >&5
powerpc-eabi-gcc (devkitPPC release 29-1) 6.3.0
Copyright (C) 2016 Free Software Foundation, Inc.
This is free software; see the source for copying conditions.  There is NO
warranty; not even for MERCHANTABILITY or FITNESS FOR A PARTICULAR PURPOSE.

configure:2443: $? = 0
configure:2432: powerpc-eabi-gcc -v >&5
Using built-in specs.
COLLECT_GCC=powerpc-eabi-gcc
COLLECT_LTO_WRAPPER=/home/not6/wiiU/DEVKIT/DIMOK/devkitPPC/bin/../libexec/gcc/powerpc-eabi/6.3.0/lto-wrapper
Target: powerpc-eabi
Configured with: ../../gcc-6.3.0/configure --enable-languages=c,c++,objc --enable-lto --with-cpu=750 --disable-nls --disable-shared --enable-threads --disable-multilib --disable-win32-registry --disable-libstdcxx-pch --disable-libstdcxx-verbose --enable-cxx-flags='-ffunction-sections -fdata-sections' --target=powerpc-eabi --with-newlib --with-headers=../../newlib-2.5.0/newlib/libc/include --prefix=/opt/devkitpro/devkitPPC --with-system-zlib --with-bugurl=http://wiki.devkitpro.org/index.php/Bug_Reports --with-pkgversion='devkitPPC release 29-1'
Thread model: single
gcc version 6.3.0 (devkitPPC release 29-1) 
configure:2443: $? = 0
configure:2432: powerpc-eabi-gcc -V >&5
powerpc-eabi-gcc: error: unrecognized command line option '-V'
powerpc-eabi-gcc: fatal error: no input files
compilation terminated.
configure:2443: $? = 1
configure:2432: powerpc-eabi-gcc -qversion >&5
powerpc-eabi-gcc: error: unrecognized command line option '-qversion'; did you mean '--version'?
powerpc-eabi-gcc: fatal error: no input files
compilation terminated.
configure:2443: $? = 1
configure:2463: checking whether the C compiler works
configure:2485: powerpc-eabi-gcc -Wall -Wno-sign-compare -Wno-missing-braces -Wno-parentheses -g -O2 -fomit-frame-pointer   conftest.c  >&5
/home/not6/wiiU/DEVKIT/DIMOK/devkitPPC/bin/../lib/gcc/powerpc-eabi/6.3.0/../../../../powerpc-eabi/bin/ld: warning: cannot find entry symbol _start; defaulting to 0000000001800098
configure:2489: $? = 0
configure:2537: result: yes
configure:2540: checking for C compiler default output file name
configure:2542: result: a.out
configure:2548: checking for suffix of executables
configure:2555: powerpc-eabi-gcc -o conftest -Wall -Wno-sign-compare -Wno-missing-braces -Wno-parentheses -g -O2 -fomit-frame-pointer   conftest.c  >&5
/home/not6/wiiU/DEVKIT/DIMOK/devkitPPC/bin/../lib/gcc/powerpc-eabi/6.3.0/../../../../powerpc-eabi/bin/ld: warning: cannot find entry symbol _start; defaulting to 0000000001800098
configure:2559: $? = 0
configure:2581: result: 
configure:2603: checking whether we are cross compiling
configure:2611: powerpc-eabi-gcc -o conftest -Wall -Wno-sign-compare -Wno-missing-braces -Wno-parentheses -g -O2 -fomit-frame-pointer   conftest.c  >&5
/home/not6/wiiU/DEVKIT/DIMOK/devkitPPC/bin/../lib/gcc/powerpc-eabi/6.3.0/../../../../powerpc-eabi/bin/ld: warning: cannot find entry symbol _start; defaulting to 0000000001800098
configure:2615: $? = 0
configure:2622: ./conftest
Invalid data memory access: 0x0000000c
NIP 018000c0   LR 018000bc CTR 00000000 XER 00000000 CPU#0
MSR 00006040 HID0 00000000  HF 00006000 idx 0
TB 00002505 10760058310739
GPR00 00000000018000bc 00000000f6ffeff8 0000000000000000 0000000000000000
GPR04 00000000000001e8 0000000001817088 000000000181706c 000000000000003d
GPR08 0000000000008000 000000000000000c 0000000000000001 0000000001816c14
GPR12 0000000000000000 000000000182067c 0000000000000000 0000000000000000
GPR16 0000000000000000 0000000000000000 0000000000000000 0000000000000000
GPR20 0000000000000000 0000000000000000 0000000000000000 0000000000000000
GPR24 0000000000000000 0000000000000000 0000000000000000 0000000000000000
GPR28 0000000000000000 0000000000000000 0000000000000000 0000000000000000
CR 22200282  [ E  E  E  -  -  E  L  E  ]             RES ffffffff
FPR00 0000000000000000 0000000000000000 0000000000000000 0000000000000000
FPR04 0000000000000000 0000000000000000 0000000000000000 0000000000000000
FPR08 0000000000000000 0000000000000000 0000000000000000 0000000000000000
FPR12 0000000000000000 0000000000000000 0000000000000000 0000000000000000
FPR16 0000000000000000 0000000000000000 0000000000000000 0000000000000000
FPR20 0000000000000000 0000000000000000 0000000000000000 0000000000000000
FPR24 0000000000000000 0000000000000000 0000000000000000 0000000000000000
FPR28 0000000000000000 0000000000000000 0000000000000000 0000000000000000
FPSCR 00000000
qemu: uncaught target signal 11 (Segmentation fault) - core dumped
./configure: line 2624:  9778 Segmentation fault      (core dumped) ./conftest$ac_cv_exeext
configure:2626: $? = 139
configure:2641: result: yes
configure:2646: checking for suffix of object files
configure:2668: powerpc-eabi-gcc -c -Wall -Wno-sign-compare -Wno-missing-braces -Wno-parentheses -g -O2 -fomit-frame-pointer  conftest.c >&5
configure:2672: $? = 0
configure:2693: result: o
configure:2697: checking whether we are using the GNU C compiler
configure:2716: powerpc-eabi-gcc -c -Wall -Wno-sign-compare -Wno-missing-braces -Wno-parentheses -g -O2 -fomit-frame-pointer  conftest.c >&5
configure:2716: $? = 0
configure:2725: result: yes
configure:2734: checking whether powerpc-eabi-gcc accepts -g
configure:2754: powerpc-eabi-gcc -c -g  conftest.c >&5
configure:2754: $? = 0
configure:2795: result: yes
configure:2812: checking for powerpc-eabi-gcc option to accept ISO C89
configure:2875: powerpc-eabi-gcc  -c -Wall -Wno-sign-compare -Wno-missing-braces -Wno-parentheses -g -O2 -fomit-frame-pointer  conftest.c >&5
configure:2875: $? = 0
configure:2888: result: none needed
configure:2922: checking for powerpc-eabi-g++
configure:2938: found /home/not6/wiiU/DEVKIT/DIMOK/devkitPPC/bin/powerpc-eabi-g++
configure:2949: result: powerpc-eabi-g++
configure:3020: checking for C++ compiler version
configure:3029: powerpc-eabi-g++ --version >&5
powerpc-eabi-g++ (devkitPPC release 29-1) 6.3.0
Copyright (C) 2016 Free Software Foundation, Inc.
This is free software; see the source for copying conditions.  There is NO
warranty; not even for MERCHANTABILITY or FITNESS FOR A PARTICULAR PURPOSE.

configure:3040: $? = 0
configure:3029: powerpc-eabi-g++ -v >&5
Using built-in specs.
COLLECT_GCC=powerpc-eabi-g++
COLLECT_LTO_WRAPPER=/home/not6/wiiU/DEVKIT/DIMOK/devkitPPC/bin/../libexec/gcc/powerpc-eabi/6.3.0/lto-wrapper
Target: powerpc-eabi
Configured with: ../../gcc-6.3.0/configure --enable-languages=c,c++,objc --enable-lto --with-cpu=750 --disable-nls --disable-shared --enable-threads --disable-multilib --disable-win32-registry --disable-libstdcxx-pch --disable-libstdcxx-verbose --enable-cxx-flags='-ffunction-sections -fdata-sections' --target=powerpc-eabi --with-newlib --with-headers=../../newlib-2.5.0/newlib/libc/include --prefix=/opt/devkitpro/devkitPPC --with-system-zlib --with-bugurl=http://wiki.devkitpro.org/index.php/Bug_Reports --with-pkgversion='devkitPPC release 29-1'
Thread model: single
gcc version 6.3.0 (devkitPPC release 29-1) 
configure:3040: $? = 0
configure:3029: powerpc-eabi-g++ -V >&5
powerpc-eabi-g++: error: unrecognized command line option '-V'
powerpc-eabi-g++: fatal error: no input files
compilation terminated.
configure:3040: $? = 1
configure:3029: powerpc-eabi-g++ -qversion >&5
powerpc-eabi-g++: error: unrecognized command line option '-qversion'; did you mean '--version'?
powerpc-eabi-g++: fatal error: no input files
compilation terminated.
configure:3040: $? = 1
configure:3044: checking whether we are using the GNU C++ compiler
configure:3063: powerpc-eabi-g++ -c -Wall -Wno-sign-compare -Wno-missing-braces -Wno-parentheses -g -O2 -fomit-frame-pointer -fconserve-space -fno-exceptions -fno-rtti -std=c++11  conftest.cpp >&5
configure:3063: $? = 0
configure:3072: result: yes
configure:3081: checking whether powerpc-eabi-g++ accepts -g
configure:3101: powerpc-eabi-g++ -c -g  conftest.cpp >&5
configure:3101: $? = 0
configure:3142: result: yes
configure:3179: checking for a BSD-compatible install
configure:3247: result: /usr/bin/install -c
configure:3261: checking for tar
configure:3277: found /bin/tar
configure:3288: result: tar
configure:3298: checking for sfd
configure:3328: result: no
configure:3335: checking for fd2inline
configure:3365: result: no
configure:3372: checking for autodoc
configure:3402: result: no
configure:3414: checking how to run the C preprocessor
configure:3445: powerpc-eabi-gcc -E  conftest.c
configure:3445: $? = 0
configure:3459: powerpc-eabi-gcc -E  conftest.c
conftest.c:9:28: fatal error: ac_nonexistent.h: No such file or directory
 #include <ac_nonexistent.h>
                            ^
compilation terminated.
configure:3459: $? = 1
configure: failed program was:
| /* confdefs.h */
| #define PACKAGE_NAME ""
| #define PACKAGE_TARNAME ""
| #define PACKAGE_VERSION ""
| #define PACKAGE_STRING ""
| #define PACKAGE_BUGREPORT ""
| #define PACKAGE_URL ""
| /* end confdefs.h.  */
| #include <ac_nonexistent.h>
configure:3484: result: powerpc-eabi-gcc -E
configure:3504: powerpc-eabi-gcc -E  conftest.c
configure:3504: $? = 0
configure:3518: powerpc-eabi-gcc -E  conftest.c
conftest.c:9:28: fatal error: ac_nonexistent.h: No such file or directory
 #include <ac_nonexistent.h>
                            ^
compilation terminated.
configure:3518: $? = 1
configure: failed program was:
| /* confdefs.h */
| #define PACKAGE_NAME ""
| #define PACKAGE_TARNAME ""
| #define PACKAGE_VERSION ""
| #define PACKAGE_STRING ""
| #define PACKAGE_BUGREPORT ""
| #define PACKAGE_URL ""
| /* end confdefs.h.  */
| #include <ac_nonexistent.h>
configure:3547: checking for grep that handles long lines and -e
configure:3605: result: /bin/grep
configure:3610: checking for egrep
configure:3672: result: /bin/grep -E
configure:3677: checking for ANSI C header files
configure:3697: powerpc-eabi-gcc -c -Wall -Wno-sign-compare -Wno-missing-braces -Wno-parentheses -g -O2 -fomit-frame-pointer  conftest.c >&5
configure:3697: $? = 0
configure:3781: result: yes
configure:3794: checking for sys/types.h
configure:3794: powerpc-eabi-gcc -c -Wall -Wno-sign-compare -Wno-missing-braces -Wno-parentheses -g -O2 -fomit-frame-pointer  conftest.c >&5
configure:3794: $? = 0
configure:3794: result: yes
configure:3794: checking for sys/stat.h
configure:3794: powerpc-eabi-gcc -c -Wall -Wno-sign-compare -Wno-missing-braces -Wno-parentheses -g -O2 -fomit-frame-pointer  conftest.c >&5
configure:3794: $? = 0
configure:3794: result: yes
configure:3794: checking for stdlib.h
configure:3794: powerpc-eabi-gcc -c -Wall -Wno-sign-compare -Wno-missing-braces -Wno-parentheses -g -O2 -fomit-frame-pointer  conftest.c >&5
configure:3794: $? = 0
configure:3794: result: yes
configure:3794: checking for string.h
configure:3794: powerpc-eabi-gcc -c -Wall -Wno-sign-compare -Wno-missing-braces -Wno-parentheses -g -O2 -fomit-frame-pointer  conftest.c >&5
configure:3794: $? = 0
configure:3794: result: yes
configure:3794: checking for memory.h
configure:3794: powerpc-eabi-gcc -c -Wall -Wno-sign-compare -Wno-missing-braces -Wno-parentheses -g -O2 -fomit-frame-pointer  conftest.c >&5
configure:3794: $? = 0
configure:3794: result: yes
configure:3794: checking for strings.h
configure:3794: powerpc-eabi-gcc -c -Wall -Wno-sign-compare -Wno-missing-braces -Wno-parentheses -g -O2 -fomit-frame-pointer  conftest.c >&5
configure:3794: $? = 0
configure:3794: result: yes
configure:3794: checking for inttypes.h
configure:3794: powerpc-eabi-gcc -c -Wall -Wno-sign-compare -Wno-missing-braces -Wno-parentheses -g -O2 -fomit-frame-pointer  conftest.c >&5
configure:3794: $? = 0
configure:3794: result: yes
configure:3794: checking for stdint.h
configure:3794: powerpc-eabi-gcc -c -Wall -Wno-sign-compare -Wno-missing-braces -Wno-parentheses -g -O2 -fomit-frame-pointer  conftest.c >&5
configure:3794: $? = 0
configure:3794: result: yes
configure:3794: checking for unistd.h
configure:3794: powerpc-eabi-gcc -c -Wall -Wno-sign-compare -Wno-missing-braces -Wno-parentheses -g -O2 -fomit-frame-pointer  conftest.c >&5
configure:3794: $? = 0
configure:3794: result: yes
configure:3806: checking whether byte ordering is bigendian
configure:3821: powerpc-eabi-gcc -c -Wall -Wno-sign-compare -Wno-missing-braces -Wno-parentheses -g -O2 -fomit-frame-pointer  conftest.c >&5
conftest.c:20:9: error: unknown type name 'not'
         not a universal capable compiler
         ^~~
conftest.c:20:15: error: expected '=', ',', ';', 'asm' or '__attribute__' before 'universal'
         not a universal capable compiler
               ^~~~~~~~~
conftest.c:20:15: error: unknown type name 'universal'
configure:3821: $? = 1
configure: failed program was:
| /* confdefs.h */
| #define PACKAGE_NAME ""
| #define PACKAGE_TARNAME ""
| #define PACKAGE_VERSION ""
| #define PACKAGE_STRING ""
| #define PACKAGE_BUGREPORT ""
| #define PACKAGE_URL ""
| #define STDC_HEADERS 1
| #define HAVE_SYS_TYPES_H 1
| #define HAVE_SYS_STAT_H 1
| #define HAVE_STDLIB_H 1
| #define HAVE_STRING_H 1
| #define HAVE_MEMORY_H 1
| #define HAVE_STRINGS_H 1
| #define HAVE_INTTYPES_H 1
| #define HAVE_STDINT_H 1
| #define HAVE_UNISTD_H 1
| /* end confdefs.h.  */
| #ifndef __APPLE_CC__
| 	       not a universal capable compiler
| 	     #endif
| 	     typedef int dummy;
| 
configure:3866: powerpc-eabi-gcc -c -Wall -Wno-sign-compare -Wno-missing-braces -Wno-parentheses -g -O2 -fomit-frame-pointer  conftest.c >&5
configure:3866: $? = 0
configure:3884: powerpc-eabi-gcc -c -Wall -Wno-sign-compare -Wno-missing-braces -Wno-parentheses -g -O2 -fomit-frame-pointer  conftest.c >&5
configure:3884: $? = 0
configure:4012: result: yes
configure:4148: creating ./config.status

## ---------------------- ##
## Running config.status. ##
## ---------------------- ##

This file was extended by config.status, which was
generated by GNU Autoconf 2.69.  Invocation command line was

  CONFIG_FILES    = 
  CONFIG_HEADERS  = 
  CONFIG_LINKS    = 
  CONFIG_COMMANDS = 
  $ ./config.status 

on not6-VPCSA2C5E

config.status:828: creating Makefile
config.status:828: creating config.h

## ---------------- ##
## Cache variables. ##
## ---------------- ##

ac_cv_build=x86_64-unknown-linux-gnu
ac_cv_c_bigendian=yes
ac_cv_c_compiler_gnu=yes
ac_cv_cxx_compiler_gnu=yes
ac_cv_env_CCC_set=
ac_cv_env_CCC_value=
ac_cv_env_CC_set=
ac_cv_env_CC_value=
ac_cv_env_CFLAGS_set=
ac_cv_env_CFLAGS_value=
ac_cv_env_CPPFLAGS_set=
ac_cv_env_CPPFLAGS_value=
ac_cv_env_CPP_set=
ac_cv_env_CPP_value=
ac_cv_env_CXXFLAGS_set=
ac_cv_env_CXXFLAGS_value=
ac_cv_env_CXX_set=
ac_cv_env_CXX_value=
ac_cv_env_LDFLAGS_set=
ac_cv_env_LDFLAGS_value=
ac_cv_env_LIBS_set=
ac_cv_env_LIBS_value=
ac_cv_env_build_alias_set=
ac_cv_env_build_alias_value=
ac_cv_env_host_alias_set=set
ac_cv_env_host_alias_value=powerpc-eabi
ac_cv_env_target_alias_set=
ac_cv_env_target_alias_value=
ac_cv_header_inttypes_h=yes
ac_cv_header_memory_h=yes
ac_cv_header_stdc=yes
ac_cv_header_stdint_h=yes
ac_cv_header_stdlib_h=yes
ac_cv_header_string_h=yes
ac_cv_header_strings_h=yes
ac_cv_header_sys_stat_h=yes
ac_cv_header_sys_types_h=yes
ac_cv_header_unistd_h=yes
ac_cv_host=powerpc-unknown-eabi
ac_cv_objext=o
ac_cv_path_EGREP='/bin/grep -E'
ac_cv_path_GREP=/bin/grep
ac_cv_path_install='/usr/bin/install -c'
ac_cv_prog_CC=powerpc-eabi-gcc
ac_cv_prog_CPP='powerpc-eabi-gcc -E'
ac_cv_prog_CXX=powerpc-eabi-g++
ac_cv_prog_TAR=tar
ac_cv_prog_cc_c89=
ac_cv_prog_cc_g=yes
ac_cv_prog_cxx_g=yes

## ----------------- ##
## Output variables. ##
## ----------------- ##

AUTODOC=''
AUTODOCS=''
CC='powerpc-eabi-gcc'
CFLAGS='-Wall -Wno-sign-compare -Wno-missing-braces -Wno-parentheses -g -O2 -fomit-frame-pointer'
CPP='powerpc-eabi-gcc -E'
CPPFLAGS=''
CXX='powerpc-eabi-g++'
CXXFLAGS='-Wall -Wno-sign-compare -Wno-missing-braces -Wno-parentheses -g -O2 -fomit-frame-pointer -fconserve-space -fno-exceptions -fno-rtti -std=c++11'
DEFS='-DHAVE_CONFIG_H'
ECHO_C=''
ECHO_N='-n'
ECHO_T=''
EGREP='/bin/grep -E'
EXEEXT=''
EXTRA_LIBS='../libcapsimage.so.5.1'
EXTRA_OBJECTS=''
FD2INLINE=''
GCCHEADERS=''
GREP='/bin/grep'
INSTALL_DATA='${INSTALL} -m 644'
INSTALL_PROGRAM='${INSTALL}'
INSTALL_SCRIPT='${INSTALL}'
LDFLAGS=''
LIBOBJS=''
LIBRARY='libcapsimage.so.5.1'
LIBS=''
LIB_CFLAGS=''
LIB_LDFLAGS='-shared -Wl,-soname,libcapsimage.so.5 -Wl,--version-script,libcapsimage.map'
LIB_LIBS=''
LTLIBOBJS=''
OBJEXT='o'
PACKAGE='capsimage'
PACKAGE_BUGREPORT=''
PACKAGE_NAME=''
PACKAGE_STRING=''
PACKAGE_TARNAME=''
PACKAGE_URL=''
PACKAGE_VERSION=''
PATH_SEPARATOR=':'
PICFLAGS='-fPIC'
SFD=''
SHELL='/bin/bash'
STDHEADERS=''
TAR='tar'
ac_ct_CC=''
ac_ct_CXX=''
bindir='${exec_prefix}/bin'
build='x86_64-unknown-linux-gnu'
build_alias=''
build_cpu='x86_64'
build_os='linux-gnu'
build_vendor='unknown'
datadir='${datarootdir}'
datarootdir='${prefix}/share'
docdir='${datarootdir}/doc/${PACKAGE}'
dvidir='${docdir}'
exec_prefix='${prefix}'
host='powerpc-unknown-eabi'
host_alias='powerpc-eabi'
host_cpu='powerpc'
host_os='eabi'
host_vendor='unknown'
htmldir='${docdir}'
includedir='${prefix}/include'
infodir='${datarootdir}/info'
libdir='${exec_prefix}/lib'
libexecdir='${exec_prefix}/libexec'
localedir='${datarootdir}/locale'
localstatedir='${prefix}/var'
mandir='${datarootdir}/man'
oldincludedir='/usr/include'
pdfdir='${docdir}'
prefix='/usr/local'
program_transform_name='s,x,x,'
psdir='${docdir}'
sbindir='${exec_prefix}/sbin'
sharedstatedir='${prefix}/com'
sysconfdir='${prefix}/etc'
target_alias=''

## ----------- ##
## confdefs.h. ##
## ----------- ##

/* confdefs.h */
#define PACKAGE_NAME ""
#define PACKAGE_TARNAME ""
#define PACKAGE_VERSION ""
#define PACKAGE_STRING ""
#define PACKAGE_BUGREPORT ""
#define PACKAGE_URL ""
#define STDC_HEADERS 1
#define HAVE_SYS_TYPES_H 1
#define HAVE_SYS_STAT_H 1
#define HAVE_STDLIB_H 1
#define HAVE_STRING_H 1
#define HAVE_MEMORY_H 1
#define HAVE_STRINGS_H 1
#define HAVE_INTTYPES_H 1
#define HAVE_STDINT_H 1
#define HAVE_UNISTD_H 1
#define WORDS_BIGENDIAN 1

configure: exit 0
